Determining if the pthread_create exist failed with the following output:
Change Dir: /home/tegbiye/Desktop/Robotics_Lab/yegna_robot/build/CMakeFiles/CMakeTmp

Run Build Command:/usr/bin/make "cmTryCompileExec2184378640/fast"
/usr/bin/make -f CMakeFiles/cmTryCompileExec2184378640.dir/build.make CMakeFiles/cmTryCompileExec2184378640.dir/build
make[1]: Entering directory `/home/tegbiye/Desktop/Robotics_Lab/yegna_robot/build/CMakeFiles/CMakeTmp'
/usr/bin/cmake -E cmake_progress_report /home/tegbiye/Desktop/Robotics_Lab/yegna_robot/build/CMakeFiles/CMakeTmp/CMakeFiles 1
Building C object CMakeFiles/cmTryCompileExec2184378640.dir/CheckSymbolExists.c.o
/usr/bin/cc    -o CMakeFiles/cmTryCompileExec2184378640.dir/CheckSymbolExists.c.o   -c /home/tegbiye/Desktop/Robotics_Lab/yegna_robot/build/CMakeFiles/CMakeTmp/CheckSymbolExists.c
Linking C executable cmTryCompileExec2184378640
/usr/bin/cmake -E cmake_link_script CMakeFiles/cmTryCompileExec2184378640.dir/link.txt --verbose=1
/usr/bin/cc       CMakeFiles/cmTryCompileExec2184378640.dir/CheckSymbolExists.c.o  -o cmTryCompileExec2184378640 -rdynamic 
CMakeFiles/cmTryCompileExec2184378640.dir/CheckSymbolExists.c.o: In function `main':
CheckSymbolExists.c:(.text+0x16): undefined reference to `pthread_create'
collect2: error: ld returned 1 exit status
make[1]: *** [cmTryCompileExec2184378640] Error 1
make[1]: Leaving directory `/home/tegbiye/Desktop/Robotics_Lab/yegna_robot/build/CMakeFiles/CMakeTmp'
make: *** [cmTryCompileExec2184378640/fast] Error 2

File /home/tegbiye/Desktop/Robotics_Lab/yegna_robot/build/CMakeFiles/CMakeTmp/CheckSymbolExists.c:
/* */
#include <pthread.h>

int main(int argc, char** argv)
{
  (void)argv;
#ifndef pthread_create
  return ((int*)(&pthread_create))[argc];
#else
  (void)argc;
  return 0;
#endif
}

Determining if the function pthread_create exists in the pthreads failed with the following output:
Change Dir: /home/tegbiye/Desktop/Robotics_Lab/yegna_robot/build/CMakeFiles/CMakeTmp

Run Build Command:/usr/bin/make "cmTryCompileExec1633477307/fast"
/usr/bin/make -f CMakeFiles/cmTryCompileExec1633477307.dir/build.make CMakeFiles/cmTryCompileExec1633477307.dir/build
make[1]: Entering directory `/home/tegbiye/Desktop/Robotics_Lab/yegna_robot/build/CMakeFiles/CMakeTmp'
/usr/bin/cmake -E cmake_progress_report /home/tegbiye/Desktop/Robotics_Lab/yegna_robot/build/CMakeFiles/CMakeTmp/CMakeFiles 1
Building C object CMakeFiles/cmTryCompileExec1633477307.dir/CheckFunctionExists.c.o
/usr/bin/cc   -DCHECK_FUNCTION_EXISTS=pthread_create   -o CMakeFiles/cmTryCompileExec1633477307.dir/CheckFunctionExists.c.o   -c /usr/share/cmake-2.8/Modules/CheckFunctionExists.c
Linking C executable cmTryCompileExec1633477307
/usr/bin/cmake -E cmake_link_script CMakeFiles/cmTryCompileExec1633477307.dir/link.txt --verbose=1
/usr/bin/cc   -DCHECK_FUNCTION_EXISTS=pthread_create    CMakeFiles/cmTryCompileExec1633477307.dir/CheckFunctionExists.c.o  -o cmTryCompileExec1633477307 -rdynamic -lpthreads 
/usr/bin/ld: cannot find -lpthreads
collect2: error: ld returned 1 exit status
make[1]: *** [cmTryCompileExec1633477307] Error 1
make[1]: Leaving directory `/home/tegbiye/Desktop/Robotics_Lab/yegna_robot/build/CMakeFiles/CMakeTmp'
make: *** [cmTryCompileExec1633477307/fast] Error 2


